TN:
SF:config/index.ts
FNF:0
FNH:0
DA:1,3
DA:3,3
DA:4,3
DA:17,3
LF:4
LH:4
BRDA:7,0,0,3
BRDA:7,0,1,0
BRDA:12,1,0,3
BRDA:12,1,1,0
BRDA:13,2,0,3
BRDA:13,2,1,3
BRF:6
BRH:4
end_of_record
TN:
SF:src/services/bars/bars.ts
FN:9,(anonymous_1)
FNF:1
FNH:1
FNDA:2,(anonymous_1)
DA:1,1
DA:3,1
DA:5,1
DA:7,1
DA:9,1
DA:10,2
DA:11,2
DA:12,2
DA:13,2
DA:14,2
DA:16,0
LF:11
LH:10
BRDA:13,0,0,2
BRDA:13,0,1,0
BRF:2
BRH:1
end_of_record
TN:
SF:src/services/hotel/hotel.ts
FN:8,(anonymous_1)
FNF:1
FNH:1
FNDA:2,(anonymous_1)
DA:1,1
DA:2,1
DA:4,1
DA:6,1
DA:8,1
DA:9,2
DA:10,2
DA:11,2
DA:12,2
DA:13,2
DA:15,0
LF:11
LH:10
BRDA:12,0,0,2
BRDA:12,0,1,0
BRF:2
BRH:1
end_of_record
TN:
SF:src/services/restaurants/restaurant.ts
FN:8,(anonymous_1)
FNF:1
FNH:1
FNDA:2,(anonymous_1)
DA:1,1
DA:2,1
DA:4,1
DA:6,1
DA:8,1
DA:9,2
DA:10,2
DA:11,2
DA:12,2
DA:13,2
DA:15,0
LF:11
LH:10
BRDA:12,0,0,2
BRDA:12,0,1,0
BRF:2
BRH:1
end_of_record
